<?xml version="1.0" encoding="UTF-8"?>
<testsuite name="ohtuesimerkki.StaticsTest" tests="4" skipped="0" failures="0" errors="0" timestamp="2019-11-01T15:57:18" hostname="elias" time="0.003">
  <properties/>
  <testcase name="playerSearchNullTest" classname="ohtuesimerkki.StaticsTest" time="0.002"/>
  <testcase name="playerSearchTest" classname="ohtuesimerkki.StaticsTest" time="0.001"/>
  <testcase name="topScorers" classname="ohtuesimerkki.StaticsTest" time="0.0"/>
  <testcase name="teamLengthTest" classname="ohtuesimerkki.StaticsTest" time="0.0"/>
  <system-out><![CDATA[]]></system-out>
  <system-err><![CDATA[]]></system-err>
</testsuite>
