<?xml version="1.0" encoding="UTF-8"?>
<testsuite name="ohtu.verkkokauppa.KauppaTest" tests="4" skipped="0" failures="0" errors="0" timestamp="2019-11-19T07:03:39" hostname="eliasPC" time="0.238">
  <properties/>
  <testcase name="tuotteitaKaksi" classname="ohtu.verkkokauppa.KauppaTest" time="0.235"/>
  <testcase name="loppuu" classname="ohtu.verkkokauppa.KauppaTest" time="0.001"/>
  <testcase name="ostoksenPaaytyttyaPankinMetodiaTilisiirtoKutsutaan" classname="ohtu.verkkokauppa.KauppaTest" time="0.001"/>
  <testcase name="kaksiSamaa" classname="ohtu.verkkokauppa.KauppaTest" time="0.001"/>
  <system-out><![CDATA[]]></system-out>
  <system-err><![CDATA[]]></system-err>
</testsuite>
